<?xml version="1.0" encoding="UTF-8"?>
<!-- Generated by org.testng.reporters.JUnitReportReporter -->
<testsuite skipped="0" hostname="DESKTOP-05J9TAJ" name="testCases.Delete_A_Product" tests="1" failures="0" timestamp="28 Feb 2021 17:55:15 GMT" time="7.980" errors="0">
  <testcase name="delete_A_Product" time="7.980" classname="testCases.Delete_A_Product"/>
</testsuite> <!-- testCases.Delete_A_Product -->
