<?xml version="1.0" encoding="UTF-8"?>
<!-- Generated by org.testng.reporters.JUnitReportReporter -->
<testsuite skipped="0" hostname="DESKTOP-05J9TAJ" name="testCases.Create_Or_Post_A_Product" tests="1" failures="0" timestamp="28 Feb 2021 15:12:00 GMT" time="6.886" errors="0">
  <testcase name="create_A_Product" time="6.886" classname="testCases.Create_Or_Post_A_Product"/>
</testsuite> <!-- testCases.Create_Or_Post_A_Product -->
