<?xml version="1.0" encoding="UTF-8"?>
<!-- Generated by org.testng.reporters.JUnitReportReporter -->
<testsuite skipped="0" hostname="DESKTOP-05J9TAJ" name="testCases.Get_Or_Read_All_Products" tests="1" failures="0" timestamp="27 Feb 2021 18:05:32 GMT" time="5.778" errors="0">
  <testcase name="read_All_Productes" time="5.778" classname="testCases.Get_Or_Read_All_Products"/>
</testsuite> <!-- testCases.Get_Or_Read_All_Products -->
