<?xml version="1.0" encoding="UTF-8"?>
<!-- Generated by org.testng.reporters.JUnitReportReporter -->
<testsuite skipped="0" hostname="DESKTOP-05J9TAJ" name="testCases.Update_Or_Put_A_Product" tests="1" failures="0" timestamp="28 Feb 2021 17:40:24 GMT" time="6.093" errors="0">
  <testcase name="update_A_Product" time="6.093" classname="testCases.Update_Or_Put_A_Product"/>
</testsuite> <!-- testCases.Update_Or_Put_A_Product -->
