<?xml version="1.0" encoding="UTF-8"?>
<!-- Generated by org.testng.reporters.JUnitReportReporter -->
<testsuite skipped="0" hostname="DESKTOP-05J9TAJ" name="testCases.Get_Or_Read_A_Product" tests="1" failures="0" timestamp="28 Feb 2021 15:26:20 GMT" time="10.987" errors="0">
  <testcase name="read_All_Productes" time="10.987" classname="testCases.Get_Or_Read_A_Product"/>
</testsuite> <!-- testCases.Get_Or_Read_A_Product -->
